# JRE version: OpenJDK Runtime Environment (8.0_432-b06) (build 1.8.0_432-b06)
# Java VM: OpenJDK 64-Bit Server VM (25.432-b06 mixed mode windows-amd64 compressed oops)
Heap:
 PSYoungGen      total 73728K, used 41878K [0x000000076e000000, 0x0000000774380000, 0x00000007c0000000)
  eden space 63488K, 58% used [0x000000076e000000,0x000000077045f3b0,0x0000000771e00000)
  from space 10240K, 45% used [0x0000000772800000,0x0000000772c864a0,0x0000000773200000)
  to   space 10240K, 0% used [0x0000000771e00000,0x0000000771e00000,0x0000000772800000)
 ParOldGen       total 121856K, used 11044K [0x00000006ca000000, 0x00000006d1700000, 0x000000076e000000)
  object space 121856K, 9% used [0x00000006ca000000,0x00000006caac9190,0x00000006d1700000)
 Metaspace       used 25247K, capacity 26246K, committed 26624K, reserved 1073152K
  class space    used 2967K, capacity 3225K, committed 3328K, reserved 1048576K
GC Heap History (10 events):
Event: 1.834 GC heap before
{Heap before GC invocations=1 (full 0):
 PSYoungGen      total 73728K, used 63488K [0x000000076e000000, 0x0000000773200000, 0x00000007c0000000)
  eden space 63488K, 100% used [0x000000076e000000,0x0000000771e00000,0x0000000771e00000)
  from space 10240K, 0% used [0x0000000772800000,0x0000000772800000,0x0000000773200000)
  to   space 10240K, 0% used [0x0000000771e00000,0x0000000771e00000,0x0000000772800000)
 ParOldGen       total 167936K, used 0K [0x00000006ca000000, 0x00000006d4400000, 0x000000076e000000)
  object space 167936K, 0% used [0x00000006ca000000,0x00000006ca000000,0x00000006d4400000)
 Metaspace       used 12092K, capacity 12450K, committed 12672K, reserved 1060864K
  class space    used 1465K, capacity 1565K, committed 1664K, reserved 1048576K
Event: 1.844 GC heap after
Heap after GC invocations=1 (full 0):
 PSYoungGen      total 73728K, used 9280K [0x000000076e000000, 0x0000000773200000, 0x00000007c0000000)
  eden space 63488K, 0% used [0x000000076e000000,0x000000076e000000,0x0000000771e00000)
  from space 10240K, 90% used [0x0000000771e00000,0x00000007727103c0,0x0000000772800000)
  to   space 10240K, 0% used [0x0000000772800000,0x0000000772800000,0x0000000773200000)
 ParOldGen       total 167936K, used 24K [0x00000006ca000000, 0x00000006d4400000, 0x000000076e000000)
  object space 167936K, 0% used [0x00000006ca000000,0x00000006ca006000,0x00000006d4400000)
 Metaspace       used 12092K, capacity 12450K, committed 12672K, reserved 1060864K
  class space    used 1465K, capacity 1565K, committed 1664K, reserved 1048576K
}
Event: 3.696 GC heap before
{Heap before GC invocations=2 (full 0):
 PSYoungGen      total 73728K, used 72768K [0x000000076e000000, 0x0000000773200000, 0x00000007c0000000)
  eden space 63488K, 100% used [0x000000076e000000,0x0000000771e00000,0x0000000771e00000)
  from space 10240K, 90% used [0x0000000771e00000,0x00000007727103c0,0x0000000772800000)
  to   space 10240K, 0% used [0x0000000772800000,0x0000000772800000,0x0000000773200000)
 ParOldGen       total 167936K, used 24K [0x00000006ca000000, 0x00000006d4400000, 0x000000076e000000)
  object space 167936K, 0% used [0x00000006ca000000,0x00000006ca006000,0x00000006d4400000)
 Metaspace       used 19194K, capacity 19848K, committed 19968K, reserved 1067008K
  class space    used 2380K, capacity 2555K, committed 2560K, reserved 1048576K
Event: 3.710 GC heap after
Heap after GC invocations=2 (full 0):
 PSYoungGen      total 73728K, used 10217K [0x000000076e000000, 0x0000000773200000, 0x00000007c0000000)
  eden space 63488K, 0% used [0x000000076e000000,0x000000076e000000,0x0000000771e00000)
  from space 10240K, 99% used [0x0000000772800000,0x00000007731fa670,0x0000000773200000)
  to   space 10240K, 0% used [0x0000000771e00000,0x0000000771e00000,0x0000000772800000)
 ParOldGen       total 167936K, used 1711K [0x00000006ca000000, 0x00000006d4400000, 0x000000076e000000)
  object space 167936K, 1% used [0x00000006ca000000,0x00000006ca1abf08,0x00000006d4400000)
 Metaspace       used 19194K, capacity 19848K, committed 19968K, reserved 1067008K
  class space    used 2380K, capacity 2555K, committed 2560K, reserved 1048576K
}
Event: 5.261 GC heap before
{Heap before GC invocations=3 (full 0):
 PSYoungGen      total 73728K, used 68316K [0x000000076e000000, 0x0000000773200000, 0x00000007c0000000)
  eden space 63488K, 91% used [0x000000076e000000,0x00000007718bca60,0x0000000771e00000)
  from space 10240K, 99% used [0x0000000772800000,0x00000007731fa670,0x0000000773200000)
  to   space 10240K, 0% used [0x0000000771e00000,0x0000000771e00000,0x0000000772800000)
 ParOldGen       total 167936K, used 1711K [0x00000006ca000000, 0x00000006d4400000, 0x000000076e000000)
  object space 167936K, 1% used [0x00000006ca000000,0x00000006ca1abf08,0x00000006d4400000)
 Metaspace       used 20423K, capacity 21226K, committed 21296K, reserved 1069056K
  class space    used 2485K, capacity 2652K, committed 2688K, reserved 1048576K
Event: 5.270 GC heap after
Heap after GC invocations=3 (full 0):
 PSYoungGen      total 73728K, used 10232K [0x000000076e000000, 0x0000000773200000, 0x00000007c0000000)
  eden space 63488K, 0% used [0x000000076e000000,0x000000076e000000,0x0000000771e00000)
  from space 10240K, 99% used [0x0000000771e00000,0x00000007727fe070,0x0000000772800000)
  to   space 10240K, 0% used [0x0000000772800000,0x0000000772800000,0x0000000773200000)
 ParOldGen       total 167936K, used 2604K [0x00000006ca000000, 0x00000006d4400000, 0x000000076e000000)
  object space 167936K, 1% used [0x00000006ca000000,0x00000006ca28b130,0x00000006d4400000)
 Metaspace       used 20423K, capacity 21226K, committed 21296K, reserved 1069056K
  class space    used 2485K, capacity 2652K, committed 2688K, reserved 1048576K
}
Event: 5.270 GC heap before
{Heap before GC invocations=4 (full 1):
 PSYoungGen      total 73728K, used 10232K [0x000000076e000000, 0x0000000773200000, 0x00000007c0000000)
  eden space 63488K, 0% used [0x000000076e000000,0x000000076e000000,0x0000000771e00000)
  from space 10240K, 99% used [0x0000000771e00000,0x00000007727fe070,0x0000000772800000)
  to   space 10240K, 0% used [0x0000000772800000,0x0000000772800000,0x0000000773200000)
 ParOldGen       total 167936K, used 2604K [0x00000006ca000000, 0x00000006d4400000, 0x000000076e000000)
  object space 167936K, 1% used [0x00000006ca000000,0x00000006ca28b130,0x00000006d4400000)
 Metaspace       used 20423K, capacity 21226K, committed 21296K, reserved 1069056K
  class space    used 2485K, capacity 2652K, committed 2688K, reserved 1048576K
Event: 5.354 GC heap after
Heap after GC invocations=4 (full 1):
 PSYoungGen      total 73728K, used 0K [0x000000076e000000, 0x0000000773200000, 0x00000007c0000000)
  eden space 63488K, 0% used [0x000000076e000000,0x000000076e000000,0x0000000771e00000)
  from space 10240K, 0% used [0x0000000771e00000,0x0000000771e00000,0x0000000772800000)
  to   space 10240K, 0% used [0x0000000772800000,0x0000000772800000,0x0000000773200000)
 ParOldGen       total 121856K, used 11036K [0x00000006ca000000, 0x00000006d1700000, 0x000000076e000000)
  object space 121856K, 9% used [0x00000006ca000000,0x00000006caac7190,0x00000006d1700000)
 Metaspace       used 20423K, capacity 21226K, committed 21296K, reserved 1069056K
  class space    used 2485K, capacity 2652K, committed 2688K, reserved 1048576K
}
Event: 6.622 GC heap before
{Heap before GC invocations=5 (full 1):
 PSYoungGen      total 73728K, used 63488K [0x000000076e000000, 0x0000000773200000, 0x00000007c0000000)
  eden space 63488K, 100% used [0x000000076e000000,0x0000000771e00000,0x0000000771e00000)
  from space 10240K, 0% used [0x0000000771e00000,0x0000000771e00000,0x0000000772800000)
  to   space 10240K, 0% used [0x0000000772800000,0x0000000772800000,0x0000000773200000)
 ParOldGen       total 121856K, used 11036K [0x00000006ca000000, 0x00000006d1700000, 0x000000076e000000)
  object space 121856K, 9% used [0x00000006ca000000,0x00000006caac7190,0x00000006d1700000)
 Metaspace       used 22099K, capacity 23030K, committed 23344K, reserved 1069056K
  class space    used 2612K, capacity 2842K, committed 2944K, reserved 1048576K
Event: 6.629 GC heap after
Heap after GC invocations=5 (full 1):
 PSYoungGen      total 73728K, used 4633K [0x000000076e000000, 0x0000000774380000, 0x00000007c0000000)
  eden space 63488K, 0% used [0x000000076e000000,0x000000076e000000,0x0000000771e00000)
  from space 10240K, 45% used [0x0000000772800000,0x0000000772c864a0,0x0000000773200000)
  to   space 10240K, 0% used [0x0000000771e00000,0x0000000771e00000,0x0000000772800000)
 ParOldGen       total 121856K, used 11044K [0x00000006ca000000, 0x00000006d1700000, 0x000000076e000000)
  object space 121856K, 9% used [0x00000006ca000000,0x00000006caac9190,0x00000006d1700000)
 Metaspace       used 22099K, capacity 23030K, committed 23344K, reserved 1069056K
  class space    used 2612K, capacity 2842K, committed 2944K, reserved 1048576K
}

