# JRE version: OpenJDK Runtime Environment (8.0_432-b06) (build 1.8.0_432-b06)
# Java VM: OpenJDK 64-Bit Server VM (25.432-b06 mixed mode windows-amd64 compressed oops)
Heap:
 PSYoungGen      total 99328K, used 8376K [0x000000076e000000, 0x0000000777200000, 0x00000007c0000000)
  eden space 89088K, 9% used [0x000000076e000000,0x000000076e82e128,0x0000000773700000)
  from space 10240K, 0% used [0x0000000773700000,0x0000000773700000,0x0000000774100000)
  to   space 10752K, 2% used [0x0000000776780000,0x00000007767d0000,0x0000000777200000)
 ParOldGen       total 106496K, used 14030K [0x00000006ca000000, 0x00000006d0800000, 0x000000076e000000)
  object space 106496K, 13% used [0x00000006ca000000,0x00000006cadb3888,0x00000006d0800000)
 Metaspace       used 33117K, capacity 36120K, committed 36224K, reserved 1087488K
  class space    used 4477K, capacity 4992K, committed 4992K, reserved 1048576K
GC Heap History (10 events):
Event: 2.631 GC heap before
{Heap before GC invocations=3 (full 1):
 PSYoungGen      total 73728K, used 9483K [0x000000076e000000, 0x0000000773200000, 0x00000007c0000000)
  eden space 63488K, 0% used [0x000000076e000000,0x000000076e000000,0x0000000771e00000)
  from space 10240K, 92% used [0x0000000772800000,0x0000000773142ec8,0x0000000773200000)
  to   space 10240K, 0% used [0x0000000771e00000,0x0000000771e00000,0x0000000772800000)
 ParOldGen       total 167936K, used 32K [0x00000006ca000000, 0x00000006d4400000, 0x000000076e000000)
  object space 167936K, 0% used [0x00000006ca000000,0x00000006ca008000,0x00000006d4400000)
 Metaspace       used 19550K, capacity 21150K, committed 21296K, reserved 1067008K
  class space    used 2534K, capacity 2853K, committed 2944K, reserved 1048576K
Event: 2.659 GC heap after
Heap after GC invocations=3 (full 1):
 PSYoungGen      total 73728K, used 0K [0x000000076e000000, 0x0000000773200000, 0x00000007c0000000)
  eden space 63488K, 0% used [0x000000076e000000,0x000000076e000000,0x0000000771e00000)
  from space 10240K, 0% used [0x0000000772800000,0x0000000772800000,0x0000000773200000)
  to   space 10240K, 0% used [0x0000000771e00000,0x0000000771e00000,0x0000000772800000)
 ParOldGen       total 106496K, used 9003K [0x00000006ca000000, 0x00000006d0800000, 0x000000076e000000)
  object space 106496K, 8% used [0x00000006ca000000,0x00000006ca8cafc8,0x00000006d0800000)
 Metaspace       used 19550K, capacity 21150K, committed 21296K, reserved 1067008K
  class space    used 2534K, capacity 2853K, committed 2944K, reserved 1048576K
}
Event: 3.950 GC heap before
{Heap before GC invocations=4 (full 1):
 PSYoungGen      total 73728K, used 63488K [0x000000076e000000, 0x0000000773200000, 0x00000007c0000000)
  eden space 63488K, 100% used [0x000000076e000000,0x0000000771e00000,0x0000000771e00000)
  from space 10240K, 0% used [0x0000000772800000,0x0000000772800000,0x0000000773200000)
  to   space 10240K, 0% used [0x0000000771e00000,0x0000000771e00000,0x0000000772800000)
 ParOldGen       total 106496K, used 9003K [0x00000006ca000000, 0x00000006d0800000, 0x000000076e000000)
  object space 106496K, 8% used [0x00000006ca000000,0x00000006ca8cafc8,0x00000006d0800000)
 Metaspace       used 25373K, capacity 27322K, committed 27520K, reserved 1073152K
  class space    used 3314K, capacity 3655K, committed 3712K, reserved 1048576K
Event: 3.956 GC heap after
Heap after GC invocations=4 (full 1):
 PSYoungGen      total 73728K, used 8241K [0x000000076e000000, 0x0000000774d00000, 0x00000007c0000000)
  eden space 63488K, 0% used [0x000000076e000000,0x000000076e000000,0x0000000771e00000)
  from space 10240K, 80% used [0x0000000771e00000,0x000000077260c468,0x0000000772800000)
  to   space 10240K, 0% used [0x0000000774300000,0x0000000774300000,0x0000000774d00000)
 ParOldGen       total 106496K, used 9011K [0x00000006ca000000, 0x00000006d0800000, 0x000000076e000000)
  object space 106496K, 8% used [0x00000006ca000000,0x00000006ca8ccfc8,0x00000006d0800000)
 Metaspace       used 25373K, capacity 27322K, committed 27520K, reserved 1073152K
  class space    used 3314K, capacity 3655K, committed 3712K, reserved 1048576K
}
Event: 6.545 GC heap before
{Heap before GC invocations=5 (full 1):
 PSYoungGen      total 73728K, used 71729K [0x000000076e000000, 0x0000000774d00000, 0x00000007c0000000)
  eden space 63488K, 100% used [0x000000076e000000,0x0000000771e00000,0x0000000771e00000)
  from space 10240K, 80% used [0x0000000771e00000,0x000000077260c468,0x0000000772800000)
  to   space 10240K, 0% used [0x0000000774300000,0x0000000774300000,0x0000000774d00000)
 ParOldGen       total 106496K, used 9011K [0x00000006ca000000, 0x00000006d0800000, 0x000000076e000000)
  object space 106496K, 8% used [0x00000006ca000000,0x00000006ca8ccfc8,0x00000006d0800000)
 Metaspace       used 29031K, capacity 31640K, committed 31744K, reserved 1077248K
  class space    used 3828K, capacity 4274K, committed 4352K, reserved 1048576K
Event: 6.556 GC heap after
Heap after GC invocations=5 (full 1):
 PSYoungGen      total 97280K, used 7778K [0x000000076e000000, 0x0000000774b00000, 0x00000007c0000000)
  eden space 89088K, 0% used [0x000000076e000000,0x000000076e000000,0x0000000773700000)
  from space 8192K, 94% used [0x0000000774300000,0x0000000774a98978,0x0000000774b00000)
  to   space 10240K, 0% used [0x0000000773700000,0x0000000773700000,0x0000000774100000)
 ParOldGen       total 106496K, used 9019K [0x00000006ca000000, 0x00000006d0800000, 0x000000076e000000)
  object space 106496K, 8% used [0x00000006ca000000,0x00000006ca8cefc8,0x00000006d0800000)
 Metaspace       used 29031K, capacity 31640K, committed 31744K, reserved 1077248K
  class space    used 3828K, capacity 4274K, committed 4352K, reserved 1048576K
}
Event: 8.365 GC heap before
{Heap before GC invocations=6 (full 1):
 PSYoungGen      total 97280K, used 80964K [0x000000076e000000, 0x0000000774b00000, 0x00000007c0000000)
  eden space 89088K, 82% used [0x000000076e000000,0x0000000772778978,0x0000000773700000)
  from space 8192K, 94% used [0x0000000774300000,0x0000000774a98978,0x0000000774b00000)
  to   space 10240K, 0% used [0x0000000773700000,0x0000000773700000,0x0000000774100000)
 ParOldGen       total 106496K, used 9019K [0x00000006ca000000, 0x00000006d0800000, 0x000000076e000000)
  object space 106496K, 8% used [0x00000006ca000000,0x00000006ca8cefc8,0x00000006d0800000)
 Metaspace       used 32598K, capacity 35452K, committed 35496K, reserved 1079296K
  class space    used 4356K, capacity 4845K, committed 4864K, reserved 1048576K
Event: 8.385 GC heap after
Heap after GC invocations=6 (full 1):
 PSYoungGen      total 99328K, used 9682K [0x000000076e000000, 0x0000000777200000, 0x00000007c0000000)
  eden space 89088K, 0% used [0x000000076e000000,0x000000076e000000,0x0000000773700000)
  from space 10240K, 94% used [0x0000000773700000,0x0000000774074960,0x0000000774100000)
  to   space 10752K, 0% used [0x0000000776780000,0x0000000776780000,0x0000000777200000)
 ParOldGen       total 106496K, used 9027K [0x00000006ca000000, 0x00000006d0800000, 0x000000076e000000)
  object space 106496K, 8% used [0x00000006ca000000,0x00000006ca8d0fc8,0x00000006d0800000)
 Metaspace       used 32598K, capacity 35452K, committed 35496K, reserved 1079296K
  class space    used 4356K, capacity 4845K, committed 4864K, reserved 1048576K
}
Event: 8.385 GC heap before
{Heap before GC invocations=7 (full 2):
 PSYoungGen      total 99328K, used 9682K [0x000000076e000000, 0x0000000777200000, 0x00000007c0000000)
  eden space 89088K, 0% used [0x000000076e000000,0x000000076e000000,0x0000000773700000)
  from space 10240K, 94% used [0x0000000773700000,0x0000000774074960,0x0000000774100000)
  to   space 10752K, 0% used [0x0000000776780000,0x0000000776780000,0x0000000777200000)
 ParOldGen       total 106496K, used 9027K [0x00000006ca000000, 0x00000006d0800000, 0x000000076e000000)
  object space 106496K, 8% used [0x00000006ca000000,0x00000006ca8d0fc8,0x00000006d0800000)
 Metaspace       used 32598K, capacity 35452K, committed 35496K, reserved 1079296K
  class space    used 4356K, capacity 4845K, committed 4864K, reserved 1048576K
Event: 8.443 GC heap after
Heap after GC invocations=7 (full 2):
 PSYoungGen      total 99328K, used 0K [0x000000076e000000, 0x0000000777200000, 0x00000007c0000000)
  eden space 89088K, 0% used [0x000000076e000000,0x000000076e000000,0x0000000773700000)
  from space 10240K, 0% used [0x0000000773700000,0x0000000773700000,0x0000000774100000)
  to   space 10752K, 0% used [0x0000000776780000,0x0000000776780000,0x0000000777200000)
 ParOldGen       total 106496K, used 14022K [0x00000006ca000000, 0x00000006d0800000, 0x000000076e000000)
  object space 106496K, 13% used [0x00000006ca000000,0x00000006cadb1888,0x00000006d0800000)
 Metaspace       used 32598K, capacity 35452K, committed 35496K, reserved 1079296K
  class space    used 4356K, capacity 4845K, committed 4864K, reserved 1048576K
}

